<?xml version="1.0" encoding="utf-8"?><testsuites name="pytest tests"><testsuite name="pytest" errors="0" failures="0" skipped="0" tests="50" time="8.100" timestamp="2026-06-22T15:16:24.719226+00:00" hostname="agent-env-935e0652-ba4c-4095-8b9d-367a09149a3a"><testcase classname="backend.tests.backend_test" name="test_health" time="0.196" /><testcase classname="backend.tests.backend_test.TestAuth" name="test_admin_login_success" time="0.315" /><testcase classname="backend.tests.backend_test.TestAuth" name="test_admin_login_wrong_pw" time="0.285" /><testcase classname="backend.tests.backend_test.TestAuth" name="test_user_register_short_username" time="0.053" /><testcase classname="backend.tests.backend_test.TestAuth" name="test_user_register_short_password" time="0.050" /><testcase classname="backend.tests.backend_test.TestAuth" name="test_user_register_invalid_worker" time="0.053" /><testcase classname="backend.tests.backend_test.TestAuth" name="test_user_register_duplicate" time="0.490" /><testcase classname="backend.tests.backend_test.TestAuth" name="test_user_login_success" time="0.282" /><testcase classname="backend.tests.backend_test.TestAuth" name="test_user_login_wrong_pw" time="0.287" /><testcase classname="backend.tests.backend_test.TestAuth" name="test_me_admin" time="0.355" /><testcase classname="backend.tests.backend_test.TestAuth" name="test_me_user" time="0.052" /><testcase classname="backend.tests.backend_test.TestAuth" name="test_me_no_auth" time="0.058" /><testcase classname="backend.tests.backend_test.TestCharts" name="test_get_charts_seeded" time="0.059" /><testcase classname="backend.tests.backend_test.TestCharts" name="test_slab_crud_and_audit" time="0.338" /><testcase classname="backend.tests.backend_test.TestCharts" name="test_slab_invalid_worker" time="0.058" /><testcase classname="backend.tests.backend_test.TestCharts" name="test_slab_requires_admin" time="0.056" /><testcase classname="backend.tests.backend_test.TestCharts" name="test_slab_404" time="0.057" /><testcase classname="backend.tests.backend_test.TestChannels" name="test_add_channel_without_bot_token" time="0.133" /><testcase classname="backend.tests.backend_test.TestChannels" name="test_add_channel_with_fake_token_resolves_error" time="0.510" /><testcase classname="backend.tests.backend_test.TestChannels" name="test_add_channel_missing_input" time="0.058" /><testcase classname="backend.tests.backend_test.TestChannels" name="test_add_channel_private_invite" time="0.055" /><testcase classname="backend.tests.backend_test.TestChannels" name="test_list_channels_admin" time="0.054" /><testcase classname="backend.tests.backend_test.TestChannels" name="test_available_channels_user" time="0.054" /><testcase classname="backend.tests.backend_test.TestChannels" name="test_edit_delete_channel_404" time="0.119" /><testcase classname="backend.tests.backend_test.TestChannels" name="test_channels_requires_admin" time="0.049" /><testcase classname="backend.tests.backend_test.TestLinks" name="test_create_link_missing_channel" time="0.056" /><testcase classname="backend.tests.backend_test.TestLinks" name="test_create_link_unknown_channel" time="0.053" /><testcase classname="backend.tests.backend_test.TestLinks" name="test_my_links_user" time="0.080" /><testcase classname="backend.tests.backend_test.TestLinks" name="test_all_links_admin" time="0.063" /><testcase classname="backend.tests.backend_test.TestWebhook" name="test_webhook_empty" time="0.081" /><testcase classname="backend.tests.backend_test.TestWebhook" name="test_webhook_invalid_body" time="0.152" /><testcase classname="backend.tests.backend_test.TestWebhook" name="test_webhook_join_request_no_matching_link" time="0.064" /><testcase classname="backend.tests.backend_test.TestWebhook" name="test_webhook_chat_member_left" time="0.058" /><testcase classname="backend.tests.backend_test.TestWebhook" name="test_webhook_my_chat_member" time="0.077" /><testcase classname="backend.tests.backend_test.TestReports" name="test_submit_report_manual" time="0.200" /><testcase classname="backend.tests.backend_test.TestReports" name="test_submit_report_no_link_no_count" time="0.101" /><testcase classname="backend.tests.backend_test.TestReports" name="test_submit_report_invalid_link" time="0.094" /><testcase classname="backend.tests.backend_test.TestReports" name="test_submit_report_invalid_worker" time="0.065" /><testcase classname="backend.tests.backend_test.TestReports" name="test_list_reports_admin" time="0.071" /><testcase classname="backend.tests.backend_test.TestDashboardAudit" name="test_dashboard_stats" time="0.069" /><testcase classname="backend.tests.backend_test.TestDashboardAudit" name="test_audit_log" time="0.061" /><testcase classname="backend.tests.backend_test.TestSettings" name="test_tg_test_no_token" time="0.140" /><testcase classname="backend.tests.backend_test.TestSettings" name="test_tg_test_fake_token" time="0.489" /><testcase classname="backend.tests.backend_test.TestSettings" name="test_setup_webhook_no_token" time="0.152" /><testcase classname="backend.tests.backend_test.TestSettings" name="test_setup_webhook_fake_token" time="0.547" /><testcase classname="backend.tests.backend_test.TestSettings" name="test_run_auto_reports_now" time="0.067" /><testcase classname="backend.tests.backend_test.TestSettings" name="test_run_auto_reports_requires_admin" time="0.059" /><testcase classname="backend.tests.backend_test.TestExport" name="test_weekly_export" time="0.198" /><testcase classname="backend.tests.backend_test.TestExport" name="test_weekly_export_requires_admin" time="0.150" /><testcase classname="backend.tests.test_webhook_integration" name="test_webhook_join_and_leave_flow" time="0.699" /></testsuite></testsuites>